<?xml version="1.0" encoding="UTF-8"?>
<coverage generated="1647532675504" clover="3.2.0">
  <project timestamp="1647532675504" name="All files">
    <metrics statements="15" coveredstatements="11" conditionals="4" coveredconditionals="2" methods="7" coveredmethods="5" elements="26" coveredelements="18" complexity="0" loc="15" ncloc="15" packages="1" files="1" classes="1"/>
    <file name="ship.js" path="/home/joseph/the_odin_project/battleship2/src/components/ship.js">
      <metrics statements="15" coveredstatements="11" conditionals="4" coveredconditionals="2" methods="7" coveredmethods="5"/>
      <line num="1" count="1" type="stmt"/>
      <line num="2" count="1" type="stmt"/>
      <line num="8" count="0" type="stmt"/>
      <line num="11" count="0" type="cond" truecount="0" falsecount="2"/>
      <line num="12" count="0" type="stmt"/>
      <line num="14" count="0" type="stmt"/>
      <line num="18" count="4" type="stmt"/>
      <line num="19" count="4" type="stmt"/>
      <line num="22" count="2" type="cond" truecount="2" falsecount="0"/>
      <line num="23" count="1" type="stmt"/>
      <line num="25" count="1" type="stmt"/>
      <line num="32" count="1" type="stmt"/>
      <line num="33" count="1" type="stmt"/>
      <line num="34" count="2" type="stmt"/>
      <line num="36" count="1" type="stmt"/>
    </file>
  </project>
</coverage>
