{"/home/joseph/the_odin_project/battleship2/src/components/gameboard.js": {"path":"/home/joseph/the_odin_project/battleship2/src/components/gameboard.js","statementMap":{"0":{"start":{"line":3,"column":18},"end":{"line":73,"column":1}},"1":{"start":{"line":4,"column":4},"end":{"line":72,"column":5}},"2":{"start":{"line":10,"column":29},"end":{"line":10,"column":40}},"3":{"start":{"line":11,"column":26},"end":{"line":11,"column":38}},"4":{"start":{"line":12,"column":12},"end":{"line":28,"column":13}},"5":{"start":{"line":13,"column":16},"end":{"line":13,"column":29}},"6":{"start":{"line":14,"column":19},"end":{"line":28,"column":13}},"7":{"start":{"line":15,"column":16},"end":{"line":19,"column":17}},"8":{"start":{"line":15,"column":29},"end":{"line":15,"column":37}},"9":{"start":{"line":16,"column":20},"end":{"line":16,"column":38}},"10":{"start":{"line":17,"column":20},"end":{"line":17,"column":50}},"11":{"start":{"line":18,"column":20},"end":{"line":18,"column":41}},"12":{"start":{"line":20,"column":16},"end":{"line":20,"column":43}},"13":{"start":{"line":21,"column":19},"end":{"line":28,"column":13}},"14":{"start":{"line":22,"column":16},"end":{"line":26,"column":17}},"15":{"start":{"line":22,"column":29},"end":{"line":22,"column":37}},"16":{"start":{"line":23,"column":20},"end":{"line":23,"column":38}},"17":{"start":{"line":24,"column":20},"end":{"line":24,"column":50}},"18":{"start":{"line":25,"column":20},"end":{"line":25,"column":41}},"19":{"start":{"line":27,"column":16},"end":{"line":27,"column":43}},"20":{"start":{"line":31,"column":12},"end":{"line":31,"column":50}},"21":{"start":{"line":32,"column":12},"end":{"line":43,"column":13}},"22":{"start":{"line":33,"column":16},"end":{"line":33,"column":41}},"23":{"start":{"line":34,"column":16},"end":{"line":40,"column":18}},"24":{"start":{"line":35,"column":20},"end":{"line":39,"column":21}},"25":{"start":{"line":36,"column":24},"end":{"line":36,"column":35}},"26":{"start":{"line":38,"column":24},"end":{"line":38,"column":30}},"27":{"start":{"line":42,"column":16},"end":{"line":42,"column":41}},"28":{"start":{"line":46,"column":12},"end":{"line":52,"column":13}},"29":{"start":{"line":46,"column":25},"end":{"line":46,"column":26}},"30":{"start":{"line":47,"column":16},"end":{"line":51,"column":17}},"31":{"start":{"line":48,"column":20},"end":{"line":48,"column":31}},"32":{"start":{"line":50,"column":20},"end":{"line":50,"column":33}},"33":{"start":{"line":55,"column":26},"end":{"line":55,"column":46}},"34":{"start":{"line":56,"column":24},"end":{"line":56,"column":43}},"35":{"start":{"line":57,"column":30},"end":{"line":57,"column":49}},"36":{"start":{"line":58,"column":31},"end":{"line":58,"column":51}},"37":{"start":{"line":59,"column":28},"end":{"line":59,"column":54}},"38":{"start":{"line":60,"column":26},"end":{"line":60,"column":66}},"39":{"start":{"line":63,"column":12},"end":{"line":69,"column":14}},"40":{"start":{"line":64,"column":16},"end":{"line":64,"column":56}},"41":{"start":{"line":65,"column":16},"end":{"line":67,"column":17}},"42":{"start":{"line":66,"column":20},"end":{"line":66,"column":60}},"43":{"start":{"line":68,"column":16},"end":{"line":68,"column":45}},"44":{"start":{"line":77,"column":17},"end":{"line":77,"column":28}},"45":{"start":{"line":78,"column":4},"end":{"line":92,"column":5}},"46":{"start":{"line":79,"column":20},"end":{"line":79,"column":49}},"47":{"start":{"line":80,"column":18},"end":{"line":80,"column":58}},"48":{"start":{"line":81,"column":8},"end":{"line":85,"column":9}},"49":{"start":{"line":82,"column":12},"end":{"line":82,"column":24}},"50":{"start":{"line":84,"column":12},"end":{"line":84,"column":25}},"51":{"start":{"line":87,"column":8},"end":{"line":91,"column":9}},"52":{"start":{"line":88,"column":12},"end":{"line":88,"column":24}},"53":{"start":{"line":90,"column":12},"end":{"line":90,"column":25}},"54":{"start":{"line":95,"column":17},"end":{"line":95,"column":28}},"55":{"start":{"line":96,"column":18},"end":{"line":96,"column":30}},"56":{"start":{"line":97,"column":30},"end":{"line":97,"column":32}},"57":{"start":{"line":99,"column":4},"end":{"line":107,"column":5}},"58":{"start":{"line":100,"column":8},"end":{"line":102,"column":9}},"59":{"start":{"line":100,"column":21},"end":{"line":100,"column":29}},"60":{"start":{"line":101,"column":12},"end":{"line":101,"column":39}},"61":{"start":{"line":103,"column":11},"end":{"line":107,"column":5}},"62":{"start":{"line":104,"column":8},"end":{"line":106,"column":9}},"63":{"start":{"line":104,"column":21},"end":{"line":104,"column":29}},"64":{"start":{"line":105,"column":12},"end":{"line":105,"column":39}},"65":{"start":{"line":108,"column":4},"end":{"line":112,"column":5}},"66":{"start":{"line":109,"column":8},"end":{"line":109,"column":20}},"67":{"start":{"line":111,"column":8},"end":{"line":111,"column":21}},"68":{"start":{"line":115,"column":4},"end":{"line":115,"column":53}},"69":{"start":{"line":115,"column":31},"end":{"line":115,"column":52}}},"fnMap":{"0":{"name":"(anonymous_0)","decl":{"start":{"line":3,"column":18},"end":{"line":3,"column":19}},"loc":{"start":{"line":3,"column":24},"end":{"line":73,"column":1}},"line":3},"1":{"name":"(anonymous_1)","decl":{"start":{"line":9,"column":8},"end":{"line":9,"column":9}},"loc":{"start":{"line":9,"column":33},"end":{"line":29,"column":9}},"line":9},"2":{"name":"(anonymous_2)","decl":{"start":{"line":30,"column":8},"end":{"line":30,"column":9}},"loc":{"start":{"line":30,"column":32},"end":{"line":44,"column":9}},"line":30},"3":{"name":"(anonymous_3)","decl":{"start":{"line":34,"column":41},"end":{"line":34,"column":42}},"loc":{"start":{"line":34,"column":49},"end":{"line":40,"column":17}},"line":34},"4":{"name":"(anonymous_4)","decl":{"start":{"line":45,"column":8},"end":{"line":45,"column":9}},"loc":{"start":{"line":45,"column":23},"end":{"line":53,"column":9}},"line":45},"5":{"name":"(anonymous_5)","decl":{"start":{"line":54,"column":8},"end":{"line":54,"column":9}},"loc":{"start":{"line":54,"column":31},"end":{"line":71,"column":9}},"line":54},"6":{"name":"(anonymous_6)","decl":{"start":{"line":63,"column":26},"end":{"line":63,"column":27}},"loc":{"start":{"line":63,"column":34},"end":{"line":69,"column":13}},"line":63},"7":{"name":"isPositionValid","decl":{"start":{"line":76,"column":9},"end":{"line":76,"column":24}},"loc":{"start":{"line":76,"column":41},"end":{"line":93,"column":1}},"line":76},"8":{"name":"isPositionOccupied","decl":{"start":{"line":94,"column":9},"end":{"line":94,"column":27}},"loc":{"start":{"line":94,"column":62},"end":{"line":113,"column":1}},"line":94},"9":{"name":"checkIfOccupied","decl":{"start":{"line":114,"column":9},"end":{"line":114,"column":24}},"loc":{"start":{"line":114,"column":40},"end":{"line":116,"column":1}},"line":114},"10":{"name":"(anonymous_10)","decl":{"start":{"line":115,"column":23},"end":{"line":115,"column":24}},"loc":{"start":{"line":115,"column":31},"end":{"line":115,"column":52}},"line":115}},"branchMap":{"0":{"loc":{"start":{"line":12,"column":12},"end":{"line":28,"column":13}},"type":"if","locations":[{"start":{"line":12,"column":12},"end":{"line":28,"column":13}},{"start":{"line":14,"column":19},"end":{"line":28,"column":13}}],"line":12},"1":{"loc":{"start":{"line":12,"column":16},"end":{"line":12,"column":126}},"type":"binary-expr","locations":[{"start":{"line":12,"column":16},"end":{"line":12,"column":57}},{"start":{"line":12,"column":61},"end":{"line":12,"column":126}}],"line":12},"2":{"loc":{"start":{"line":14,"column":19},"end":{"line":28,"column":13}},"type":"if","locations":[{"start":{"line":14,"column":19},"end":{"line":28,"column":13}},{"start":{"line":21,"column":19},"end":{"line":28,"column":13}}],"line":14},"3":{"loc":{"start":{"line":21,"column":19},"end":{"line":28,"column":13}},"type":"if","locations":[{"start":{"line":21,"column":19},"end":{"line":28,"column":13}},{"start":{},"end":{}}],"line":21},"4":{"loc":{"start":{"line":32,"column":12},"end":{"line":43,"column":13}},"type":"if","locations":[{"start":{"line":32,"column":12},"end":{"line":43,"column":13}},{"start":{"line":41,"column":19},"end":{"line":43,"column":13}}],"line":32},"5":{"loc":{"start":{"line":35,"column":20},"end":{"line":39,"column":21}},"type":"if","locations":[{"start":{"line":35,"column":20},"end":{"line":39,"column":21}},{"start":{"line":37,"column":27},"end":{"line":39,"column":21}}],"line":35},"6":{"loc":{"start":{"line":47,"column":16},"end":{"line":51,"column":17}},"type":"if","locations":[{"start":{"line":47,"column":16},"end":{"line":51,"column":17}},{"start":{"line":49,"column":23},"end":{"line":51,"column":17}}],"line":47},"7":{"loc":{"start":{"line":65,"column":23},"end":{"line":65,"column":132}},"type":"binary-expr","locations":[{"start":{"line":65,"column":23},"end":{"line":65,"column":88}},{"start":{"line":65,"column":92},"end":{"line":65,"column":132}}],"line":65},"8":{"loc":{"start":{"line":78,"column":4},"end":{"line":92,"column":5}},"type":"if","locations":[{"start":{"line":78,"column":4},"end":{"line":92,"column":5}},{"start":{"line":86,"column":11},"end":{"line":92,"column":5}}],"line":78},"9":{"loc":{"start":{"line":81,"column":8},"end":{"line":85,"column":9}},"type":"if","locations":[{"start":{"line":81,"column":8},"end":{"line":85,"column":9}},{"start":{"line":83,"column":15},"end":{"line":85,"column":9}}],"line":81},"10":{"loc":{"start":{"line":81,"column":12},"end":{"line":81,"column":57}},"type":"binary-expr","locations":[{"start":{"line":81,"column":12},"end":{"line":81,"column":31}},{"start":{"line":81,"column":35},"end":{"line":81,"column":57}}],"line":81},"11":{"loc":{"start":{"line":87,"column":8},"end":{"line":91,"column":9}},"type":"if","locations":[{"start":{"line":87,"column":8},"end":{"line":91,"column":9}},{"start":{"line":89,"column":15},"end":{"line":91,"column":9}}],"line":87},"12":{"loc":{"start":{"line":99,"column":4},"end":{"line":107,"column":5}},"type":"if","locations":[{"start":{"line":99,"column":4},"end":{"line":107,"column":5}},{"start":{"line":103,"column":11},"end":{"line":107,"column":5}}],"line":99},"13":{"loc":{"start":{"line":103,"column":11},"end":{"line":107,"column":5}},"type":"if","locations":[{"start":{"line":103,"column":11},"end":{"line":107,"column":5}},{"start":{},"end":{}}],"line":103},"14":{"loc":{"start":{"line":108,"column":4},"end":{"line":112,"column":5}},"type":"if","locations":[{"start":{"line":108,"column":4},"end":{"line":112,"column":5}},{"start":{"line":110,"column":11},"end":{"line":112,"column":5}}],"line":108}},"s":{"0":2,"1":4,"2":13,"3":13,"4":13,"5":4,"6":9,"7":7,"8":7,"9":23,"10":23,"11":23,"12":7,"13":2,"14":2,"15":2,"16":6,"17":6,"18":6,"19":2,"20":10,"21":10,"22":7,"23":7,"24":13,"25":7,"26":6,"27":3,"28":3,"29":3,"30":3,"31":1,"32":2,"33":1,"34":1,"35":1,"36":1,"37":1,"38":1,"39":1,"40":5,"41":5,"42":6,"43":5,"44":23,"45":23,"46":19,"47":19,"48":19,"49":12,"50":7,"51":4,"52":3,"53":1,"54":21,"55":21,"56":21,"57":21,"58":18,"59":18,"60":70,"61":3,"62":3,"63":3,"64":9,"65":21,"66":2,"67":19,"68":21,"69":131},"f":{"0":4,"1":13,"2":10,"3":13,"4":3,"5":1,"6":5,"7":23,"8":21,"9":21,"10":131},"b":{"0":[4,9],"1":[13,10],"2":[7,2],"3":[2,0],"4":[7,3],"5":[7,6],"6":[1,2],"7":[11,10],"8":[19,4],"9":[12,7],"10":[19,9],"11":[3,1],"12":[18,3],"13":[3,0],"14":[2,19]},"_coverageSchema":"1a1c01bbd47fc00a2c39e90264f33305004495a9","hash":"1392239f80eb012fcde40675fb41130b26e86e03"}
,"/home/joseph/the_odin_project/battleship2/src/components/player.js": {"path":"/home/joseph/the_odin_project/battleship2/src/components/player.js","statementMap":{"0":{"start":{"line":3,"column":15},"end":{"line":18,"column":1}},"1":{"start":{"line":4,"column":4},"end":{"line":17,"column":5}},"2":{"start":{"line":8,"column":12},"end":{"line":8,"column":54}},"3":{"start":{"line":11,"column":25},"end":{"line":11,"column":54}},"4":{"start":{"line":12,"column":12},"end":{"line":14,"column":13}},"5":{"start":{"line":13,"column":16},"end":{"line":13,"column":54}},"6":{"start":{"line":15,"column":12},"end":{"line":15,"column":52}}},"fnMap":{"0":{"name":"(anonymous_0)","decl":{"start":{"line":3,"column":15},"end":{"line":3,"column":16}},"loc":{"start":{"line":3,"column":25},"end":{"line":18,"column":1}},"line":3},"1":{"name":"(anonymous_1)","decl":{"start":{"line":7,"column":8},"end":{"line":7,"column":9}},"loc":{"start":{"line":7,"column":33},"end":{"line":9,"column":9}},"line":7},"2":{"name":"(anonymous_2)","decl":{"start":{"line":10,"column":8},"end":{"line":10,"column":9}},"loc":{"start":{"line":10,"column":27},"end":{"line":16,"column":9}},"line":10}},"branchMap":{},"s":{"0":1,"1":2,"2":2,"3":1,"4":1,"5":0,"6":1},"f":{"0":2,"1":2,"2":1},"b":{},"_coverageSchema":"1a1c01bbd47fc00a2c39e90264f33305004495a9","hash":"81eaff56c53b14572b92e259cea2fe9818b672fa"}
,"/home/joseph/the_odin_project/battleship2/src/components/ship.js": {"path":"/home/joseph/the_odin_project/battleship2/src/components/ship.js","statementMap":{"0":{"start":{"line":1,"column":13},"end":{"line":26,"column":1}},"1":{"start":{"line":2,"column":4},"end":{"line":25,"column":5}},"2":{"start":{"line":9,"column":12},"end":{"line":13,"column":13}},"3":{"start":{"line":10,"column":16},"end":{"line":10,"column":41}},"4":{"start":{"line":12,"column":16},"end":{"line":12,"column":43}},"5":{"start":{"line":16,"column":12},"end":{"line":16,"column":36}},"6":{"start":{"line":19,"column":12},"end":{"line":23,"column":13}},"7":{"start":{"line":20,"column":16},"end":{"line":20,"column":28}},"8":{"start":{"line":22,"column":16},"end":{"line":22,"column":29}}},"fnMap":{"0":{"name":"(anonymous_0)","decl":{"start":{"line":1,"column":13},"end":{"line":1,"column":14}},"loc":{"start":{"line":1,"column":31},"end":{"line":26,"column":1}},"line":1},"1":{"name":"(anonymous_1)","decl":{"start":{"line":8,"column":8},"end":{"line":8,"column":9}},"loc":{"start":{"line":8,"column":24},"end":{"line":14,"column":9}},"line":8},"2":{"name":"(anonymous_2)","decl":{"start":{"line":15,"column":8},"end":{"line":15,"column":9}},"loc":{"start":{"line":15,"column":14},"end":{"line":17,"column":9}},"line":15},"3":{"name":"(anonymous_3)","decl":{"start":{"line":18,"column":8},"end":{"line":18,"column":9}},"loc":{"start":{"line":18,"column":17},"end":{"line":24,"column":9}},"line":18}},"branchMap":{"0":{"loc":{"start":{"line":9,"column":12},"end":{"line":13,"column":13}},"type":"if","locations":[{"start":{"line":9,"column":12},"end":{"line":13,"column":13}},{"start":{"line":11,"column":19},"end":{"line":13,"column":13}}],"line":9},"1":{"loc":{"start":{"line":19,"column":12},"end":{"line":23,"column":13}},"type":"if","locations":[{"start":{"line":19,"column":12},"end":{"line":23,"column":13}},{"start":{"line":21,"column":19},"end":{"line":23,"column":13}}],"line":19}},"s":{"0":3,"1":11,"2":4,"3":4,"4":0,"5":9,"6":5,"7":2,"8":3},"f":{"0":11,"1":4,"2":9,"3":5},"b":{"0":[4,0],"1":[2,3]},"_coverageSchema":"1a1c01bbd47fc00a2c39e90264f33305004495a9","hash":"7e9bfdf06344b8991aa38a276b87bbf7528bea45"}
}
