{"/home/joseph/the_odin_project/battleship2/src/components/ship.js": {"path":"/home/joseph/the_odin_project/battleship2/src/components/ship.js","statementMap":{"0":{"start":{"line":2,"column":4},"end":{"line":2,"column":14}}},"fnMap":{"0":{"name":"sum","decl":{"start":{"line":1,"column":9},"end":{"line":1,"column":12}},"loc":{"start":{"line":1,"column":18},"end":{"line":3,"column":1}},"line":1}},"branchMap":{},"s":{"0":1},"f":{"0":1},"b":{},"_coverageSchema":"1a1c01bbd47fc00a2c39e90264f33305004495a9","hash":"90274e5d948acce97f98f80a06ed7f55382609e4"}
}
