TN:
SF:src/components/gameboard.js
FN:1,(anonymous_0)
FN:7,(anonymous_1)
FN:28,(anonymous_2)
FN:31,(anonymous_3)
FN:42,(anonymous_4)
FN:55,isPositionValid
FNF:6
FNH:6
FNDA:3,(anonymous_0)
FNDA:7,(anonymous_1)
FNDA:10,(anonymous_2)
FNDA:13,(anonymous_3)
FNDA:3,(anonymous_4)
FNDA:7,isPositionValid
DA:1,2
DA:2,3
DA:8,7
DA:9,7
DA:10,7
DA:11,3
DA:12,4
DA:13,2
DA:14,6
DA:15,6
DA:16,6
DA:18,2
DA:19,2
DA:20,2
DA:21,6
DA:22,6
DA:23,6
DA:25,2
DA:29,10
DA:30,7
DA:31,7
DA:32,13
DA:33,7
DA:35,6
DA:39,3
DA:43,3
DA:44,3
DA:45,1
DA:47,2
DA:56,7
DA:57,7
DA:58,4
DA:59,4
DA:60,4
DA:61,2
DA:63,2
DA:66,3
DA:67,2
DA:69,1
LF:39
LH:39
BRDA:10,0,0,3
BRDA:10,0,1,4
BRDA:12,1,0,2
BRDA:12,1,1,2
BRDA:19,2,0,2
BRDA:19,2,1,0
BRDA:29,3,0,7
BRDA:29,3,1,3
BRDA:32,4,0,7
BRDA:32,4,1,6
BRDA:44,5,0,1
BRDA:44,5,1,2
BRDA:57,6,0,4
BRDA:57,6,1,3
BRDA:60,7,0,2
BRDA:60,7,1,2
BRDA:60,8,0,4
BRDA:60,8,1,2
BRDA:66,9,0,2
BRDA:66,9,1,1
BRF:20
BRH:19
end_of_record
TN:
SF:src/components/player.js
FN:3,(anonymous_0)
FN:7,(anonymous_1)
FN:10,(anonymous_2)
FNF:3
FNH:3
FNDA:2,(anonymous_0)
FNDA:2,(anonymous_1)
FNDA:1,(anonymous_2)
DA:3,1
DA:4,2
DA:8,2
DA:11,1
DA:12,1
DA:13,0
DA:15,1
LF:7
LH:6
BRF:0
BRH:0
end_of_record
TN:
SF:src/components/ship.js
FN:1,(anonymous_0)
FN:8,(anonymous_1)
FN:15,(anonymous_2)
FN:18,(anonymous_3)
FNF:4
FNH:4
FNDA:6,(anonymous_0)
FNDA:4,(anonymous_1)
FNDA:9,(anonymous_2)
FNDA:5,(anonymous_3)
DA:1,3
DA:2,6
DA:9,4
DA:10,4
DA:12,0
DA:16,9
DA:19,5
DA:20,2
DA:22,3
LF:9
LH:8
BRDA:9,0,0,4
BRDA:9,0,1,0
BRDA:19,1,0,2
BRDA:19,1,1,3
BRF:4
BRH:3
end_of_record
