TN:
SF:src/components/gameboard.js
FN:3,(anonymous_0)
FN:10,(anonymous_1)
FN:31,(anonymous_2)
FN:35,(anonymous_3)
FN:46,(anonymous_4)
FN:55,(anonymous_5)
FN:64,(anonymous_6)
FN:81,isPositionValid
FN:99,isPositionOccupied
FN:119,checkIfOccupied
FN:120,(anonymous_10)
FNF:11
FNH:11
FNDA:4,(anonymous_0)
FNDA:13,(anonymous_1)
FNDA:12,(anonymous_2)
FNDA:15,(anonymous_3)
FNDA:4,(anonymous_4)
FNDA:1,(anonymous_5)
FNDA:5,(anonymous_6)
FNDA:22,isPositionValid
FNDA:21,isPositionOccupied
FNDA:21,checkIfOccupied
FNDA:108,(anonymous_10)
DA:3,2
DA:5,4
DA:11,13
DA:12,13
DA:13,13
DA:14,4
DA:15,9
DA:16,5
DA:17,16
DA:18,16
DA:19,16
DA:21,5
DA:22,4
DA:23,4
DA:24,13
DA:25,13
DA:26,13
DA:28,4
DA:32,12
DA:33,12
DA:34,9
DA:35,9
DA:36,15
DA:37,9
DA:39,6
DA:43,3
DA:47,4
DA:48,4
DA:49,2
DA:51,2
DA:56,1
DA:57,1
DA:58,1
DA:59,1
DA:60,1
DA:61,1
DA:64,1
DA:65,5
DA:66,5
DA:67,2
DA:69,5
DA:70,5
DA:71,6
DA:73,5
DA:82,22
DA:83,22
DA:84,12
DA:85,12
DA:86,12
DA:87,8
DA:89,4
DA:92,10
DA:93,7
DA:95,3
DA:100,21
DA:101,21
DA:102,21
DA:104,21
DA:105,11
DA:106,41
DA:108,10
DA:109,10
DA:110,35
DA:113,21
DA:114,3
DA:116,18
DA:120,108
LF:67
LH:67
BRDA:13,0,0,4
BRDA:13,0,1,9
BRDA:13,1,0,13
BRDA:13,1,1,10
BRDA:15,2,0,5
BRDA:15,2,1,4
BRDA:22,3,0,4
BRDA:22,3,1,0
BRDA:33,4,0,9
BRDA:33,4,1,3
BRDA:36,5,0,9
BRDA:36,5,1,6
BRDA:48,6,0,2
BRDA:48,6,1,2
BRDA:66,7,0,2
BRDA:66,7,1,3
BRDA:70,8,0,11
BRDA:70,8,1,9
BRDA:83,9,0,12
BRDA:83,9,1,10
BRDA:86,10,0,8
BRDA:86,10,1,4
BRDA:86,11,0,12
BRDA:86,11,1,4
BRDA:92,12,0,7
BRDA:92,12,1,3
BRDA:104,13,0,11
BRDA:104,13,1,10
BRDA:108,14,0,10
BRDA:108,14,1,0
BRDA:113,15,0,3
BRDA:113,15,1,18
BRF:32
BRH:30
end_of_record
TN:
SF:src/components/player.js
FN:3,(anonymous_0)
FN:7,(anonymous_1)
FN:10,(anonymous_2)
FNF:3
FNH:3
FNDA:2,(anonymous_0)
FNDA:4,(anonymous_1)
FNDA:1,(anonymous_2)
DA:3,1
DA:4,2
DA:8,4
DA:11,1
DA:12,1
DA:13,0
DA:15,1
LF:7
LH:6
BRF:0
BRH:0
end_of_record
TN:
SF:src/components/ship.js
FN:1,(anonymous_0)
FN:8,(anonymous_1)
FN:15,(anonymous_2)
FN:18,(anonymous_3)
FNF:4
FNH:4
FNDA:11,(anonymous_0)
FNDA:6,(anonymous_1)
FNDA:11,(anonymous_2)
FNDA:6,(anonymous_3)
DA:1,3
DA:2,11
DA:9,6
DA:10,6
DA:12,0
DA:16,11
DA:19,6
DA:20,3
DA:22,3
LF:9
LH:8
BRDA:9,0,0,6
BRDA:9,0,1,0
BRDA:19,1,0,3
BRDA:19,1,1,3
BRF:4
BRH:3
end_of_record
